<?xml version="1.0" encoding="UTF-8"?>
<!-- Generated by org.testng.reporters.JUnitReportReporter -->
<testsuite skipped="0" hostname="M3106868" name="com.jci.Imap.Framework.TestCases.CompressorPageTest" tests="3" failures="0" timestamp="13 Feb 2020 09:39:29 GMT" time="33.392" errors="0">
  <testcase name="testLoginPage" time="30.433" classname="com.jci.Imap.Framework.TestCases.CompressorPageTest"/>
  <testcase name="Verify_clickMyprojectIcon" time="0.149" classname="com.jci.Imap.Framework.TestCases.CompressorPageTest"/>
  <testcase name="Verify_searchProjectname" time="2.810" classname="com.jci.Imap.Framework.TestCases.CompressorPageTest"/>
</testsuite> <!-- com.jci.Imap.Framework.TestCases.CompressorPageTest -->
