<?xml version="1.0" encoding="UTF-8"?>
<!-- Generated by org.testng.reporters.JUnitReportReporter -->
<testsuite skipped="2" hostname="M3106868" name="com.jci.ImapFramework.helper.assertions.B" tests="3" failures="0" timestamp="05 Oct 2019 18:48:09 GMT" time="0.013" errors="0">
  <testcase name="testloginB" time="0.005" classname="com.jci.ImapFramework.helper.assertions.B">
    <skipped/>
  </testcase> <!-- testloginB -->
  <testcase name="testloginB" time="0.007" classname="com.jci.ImapFramework.helper.assertions.B">
    <skipped/>
  </testcase> <!-- testloginB -->
  <testcase name="testloginB" time="0.001" classname="com.jci.ImapFramework.helper.assertions.B"/>
</testsuite> <!-- com.jci.ImapFramework.helper.assertions.B -->
