<?xml version="1.0" encoding="UTF-8"?>
<!-- Generated by org.testng.reporters.JUnitReportReporter -->
<testsuite skipped="0" hostname="M3106868" name="com.jci.ImapFramework.helper.assertions.A" tests="1" failures="0" timestamp="05 Oct 2019 18:48:09 GMT" time="0.012" errors="0">
  <testcase name="testloginA" time="0.012" classname="com.jci.ImapFramework.helper.assertions.A"/>
</testsuite> <!-- com.jci.ImapFramework.helper.assertions.A -->
