<?xml version="1.0" encoding="UTF-8"?>
<!-- Generated by org.testng.reporters.JUnitReportReporter -->
<testsuite skipped="0" hostname="M3106868" name="com.jci.Imap.Framework.TestCases.LoginPageTest" tests="1" failures="0" timestamp="13 Feb 2020 09:39:28 GMT" time="19.321" errors="0">
  <testcase name="testLoginPage" time="19.321" classname="com.jci.Imap.Framework.TestCases.LoginPageTest"/>
</testsuite> <!-- com.jci.Imap.Framework.TestCases.LoginPageTest -->
