<?xml version="1.0" encoding="UTF-8"?>
<!-- Generated by org.testng.reporters.JUnitReportReporter -->
<testsuite skipped="0" hostname="M3106868" name="com.jci.Imap.Framework.TestCases.CompressorPageTest" tests="3" failures="0" timestamp="2020-02-13T16:16:32 IST" time="13.985" errors="0">
  <testcase name="testLoginPage" time="12.303" classname="com.jci.Imap.Framework.TestCases.CompressorPageTest"/>
  <testcase name="Verify_clickMyprojectIcon" time="0.139" classname="com.jci.Imap.Framework.TestCases.CompressorPageTest"/>
  <testcase name="Verify_searchProjectname" time="1.543" classname="com.jci.Imap.Framework.TestCases.CompressorPageTest"/>
</testsuite> <!-- com.jci.Imap.Framework.TestCases.CompressorPageTest -->
