<?xml version="1.0" encoding="UTF-8"?>
<!-- Generated by org.testng.reporters.JUnitReportReporter -->
<testsuite skipped="0" hostname="M3106868" name="com.jci.Imap.Framework.TestCases.LoginPageTest" tests="1" failures="0" timestamp="2020-02-13T16:16:33 IST" time="10.314" errors="0">
  <testcase name="testLoginPage" time="10.314" classname="com.jci.Imap.Framework.TestCases.LoginPageTest"/>
</testsuite> <!-- com.jci.Imap.Framework.TestCases.LoginPageTest -->
